<?xml version="1.0" encoding="UTF-8"?>
<testng-results ignored="0" total="1" passed="1" failed="0" skipped="0">
  <reporter-output>
    <line>
      <![CDATA[Setting up reports and the test is getting ready ..]]>
    </line>
    <line>
      <![CDATA[Setting up is done and the tests can be started ..]]>
    </line>
    <line>
      <![CDATA[Setting up the browser and the application ..]]>
    </line>
    <line>
      <![CDATA[Browser is up and the application is running ..]]>
    </line>
    <line>
      <![CDATA[Test Completed >> Gerenating Reports ..]]>
    </line>
  </reporter-output>
  <suite started-at="2022-08-23T16:31:27Z" name="Suite" finished-at="2022-08-23T16:31:46Z" duration-ms="18834">
    <groups>
    </groups>
    <test started-at="2022-08-23T16:31:27Z" name="Test" finished-at="2022-08-23T16:31:46Z" duration-ms="18834">
      <class name="testcases.Login">
        <test-method is-config="true" signature="setUpSuite()[pri:0, instance:testcases.Login@f99f5e0]" started-at="2022-08-23T16:31:27Z" name="setUpSuite" finished-at="2022-08-23T16:31:27Z" duration-ms="704" status="PASS">
          <reporter-output>
            <line>
              <![CDATA[Setting up reports and the test is getting ready ..]]>
            </line>
            <line>
              <![CDATA[Setting up is done and the tests can be started ..]]>
            </line>
          </reporter-output>
        </test-method> <!-- setUpSuite -->
        <test-method is-config="true" signature="setUp()[pri:0, instance:testcases.Login@f99f5e0]" started-at="2022-08-23T16:31:27Z" name="setUp" finished-at="2022-08-23T16:31:33Z" duration-ms="5953" status="PASS">
          <reporter-output>
            <line>
              <![CDATA[Setting up the browser and the application ..]]>
            </line>
            <line>
              <![CDATA[Browser is up and the application is running ..]]>
            </line>
          </reporter-output>
        </test-method> <!-- setUp -->
        <test-method signature="loginApplication()[pri:0, instance:testcases.Login@f99f5e0]" started-at="2022-08-23T16:31:33Z" name="loginApplication" finished-at="2022-08-23T16:31:45Z" duration-ms="11366" status="PASS">
          <reporter-output>
          </reporter-output>
        </test-method> <!-- loginApplication -->
        <test-method is-config="true" signature="tearDownMethod(org.testng.ITestResult)[pri:0, instance:testcases.Login@f99f5e0]" started-at="2022-08-23T16:31:45Z" name="tearDownMethod" finished-at="2022-08-23T16:31:45Z" duration-ms="558" status="PASS">
          <params>
            <param index="0">
              <value>
                <![CDATA[[TestResult name=loginApplication status=SUCCESS method=Login.loginApplication()[pri:0, instance:testcases.Login@f99f5e0] output={null}]]]>
              </value>
            </param>
          </params>
          <reporter-output>
            <line>
              <![CDATA[Test Completed >> Gerenating Reports ..]]>
            </line>
          </reporter-output>
        </test-method> <!-- tearDownMethod -->
        <test-method is-config="true" signature="tearDown()[pri:0, instance:testcases.Login@f99f5e0]" started-at="2022-08-23T16:31:45Z" name="tearDown" finished-at="2022-08-23T16:31:46Z" duration-ms="936" status="PASS">
          <reporter-output>
          </reporter-output>
        </test-method> <!-- tearDown -->
      </class> <!-- testcases.Login -->
    </test> <!-- Test -->
  </suite> <!-- Suite -->
</testng-results>
